2016-03-12 17:12:42,214 [FileSystemWatcher: files=#114 cl=groovy.lang.GroovyClassLoader@e54303] ERROR StackTrace  - Full Stack Trace:
groovy.lang.MissingMethodException: No signature of method: projecttracker2.Project.DueDate() is applicable for argument types: () values: []
Possible solutions: create(), getDueDate(), setDueDate(java.util.Date), delete(), delete(java.util.Map), validate()
	at org.codehaus.groovy.runtime.ScriptBytecodeAdapter.unwrap(ScriptBytecodeAdapter.java:56)
	at org.codehaus.groovy.runtime.callsite.PogoMetaClassSite.callCurrent(PogoMetaClassSite.java:78)
	at org.codehaus.groovy.runtime.callsite.CallSiteArray.defaultCallCurrent(CallSiteArray.java:49)
	at org.codehaus.groovy.runtime.callsite.AbstractCallSite.callCurrent(AbstractCallSite.java:151)
	at org.codehaus.groovy.runtime.callsite.AbstractCallSite.callCurrent(AbstractCallSite.java:155)
	at projecttracker2.Project$__clinit__closure1$$EPfHOS1A.doCall(Project.groovy:13)
	at projecttracker2.Project$__clinit__closure1$$DPfHOS1A.doCall(Unknown Source)
	at projecttracker2.Project$__clinit__closure1.doCall(Project.groovy)
	at projecttracker2.Project$__clinit__closure1$$EPfHOS1A.doCall(Project.groovy)
	at sun.reflect.NativeMethodAccessorImpl.invoke0(Native Method)
	at sun.reflect.NativeMethodAccessorImpl.invoke(NativeMethodAccessorImpl.java:62)
	at sun.reflect.DelegatingMethodAccessorImpl.invoke(DelegatingMethodAccessorImpl.java:43)
	at java.lang.reflect.Method.invoke(Method.java:497)
	at org.springsource.loaded.ri.ReloadedTypeInvoker$2.invoke(ReloadedTypeInvoker.java:122)
	at org.springsource.loaded.ri.ReflectiveInterceptor.jlrMethodInvoke(ReflectiveInterceptor.java:1299)
	at org.codehaus.groovy.reflection.CachedMethod.invoke(CachedMethod.java:90)
	at groovy.lang.MetaMethod.doMethodInvoke(MetaMethod.java:324)
	at groovy.lang.MetaClassImpl.invokeMethod(MetaClassImpl.java:1207)
	at groovy.lang.ExpandoMetaClass.invokeMethod(ExpandoMetaClass.java:1121)
	at groovy.lang.MetaClassImpl.invokeMethod(MetaClassImpl.java:1016)
	at groovy.lang.Closure.call(Closure.java:423)
	at projecttracker2.Project$__clinit__closure1.call(Project.groovy)
	at groovy.lang.Closure.call(Closure.java:417)
	at projecttracker2.Project$__clinit__closure1.call(Project.groovy)
	at org.codehaus.groovy.grails.validation.DefaultConstraintEvaluator.evaluateConstraints(DefaultConstraintEvaluator.java:123)
	at org.codehaus.groovy.grails.validation.DefaultConstraintEvaluator.evaluateConstraints(DefaultConstraintEvaluator.java:90)
	at org.codehaus.groovy.grails.validation.DefaultConstraintEvaluator.evaluate(DefaultConstraintEvaluator.java:316)
	at org.codehaus.groovy.grails.commons.DefaultGrailsDomainClass.refreshConstraints(DefaultGrailsDomainClass.java:797)
	at org.codehaus.groovy.grails.commons.DefaultGrailsApplication.refreshConstraints(DefaultGrailsApplication.java:339)
	at org.codehaus.groovy.grails.commons.GrailsApplication$refreshConstraints$4.call(Unknown Source)
	at org.codehaus.groovy.grails.plugins.DomainClassGrailsPlugin$_closure3.doCall(DomainClassGrailsPlugin.groovy:156)
	at sun.reflect.NativeMethodAccessorImpl.invoke0(Native Method)
	at sun.reflect.NativeMethodAccessorImpl.invoke(NativeMethodAccessorImpl.java:62)
	at sun.reflect.DelegatingMethodAccessorImpl.invoke(DelegatingMethodAccessorImpl.java:43)
	at java.lang.reflect.Method.invoke(Method.java:497)
	at org.springsource.loaded.ri.ReflectiveInterceptor.jlrMethodInvoke(ReflectiveInterceptor.java:1276)
	at org.codehaus.groovy.reflection.CachedMethod.invoke(CachedMethod.java:90)
	at groovy.lang.MetaMethod.doMethodInvoke(MetaMethod.java:324)
	at groovy.lang.MetaClassImpl.invokeMethod(MetaClassImpl.java:1207)
	at groovy.lang.ExpandoMetaClass.invokeMethod(ExpandoMetaClass.java:1121)
	at groovy.lang.MetaClassImpl.invokeMethod(MetaClassImpl.java:1016)
	at groovy.lang.Closure.call(Closure.java:423)
	at org.codehaus.groovy.grails.plugins.DefaultGrailsPlugin.invokeOnChangeListener(DefaultGrailsPlugin.java:767)
	at org.codehaus.groovy.grails.plugins.DefaultGrailsPlugin.notifyOfEvent(DefaultGrailsPlugin.java:716)
	at org.codehaus.groovy.grails.plugins.DefaultGrailsPlugin.notifyOfEvent(DefaultGrailsPlugin.java:731)
	at org.codehaus.groovy.grails.plugins.AbstractGrailsPluginManager.informOfClassChange(AbstractGrailsPluginManager.java:408)
	at org.codehaus.groovy.grails.project.compiler.GrailsProjectWatcher$2.run(GrailsProjectWatcher.java:246)
	at org.codehaus.groovy.grails.project.compiler.GrailsProjectWatcher.firePendingClassChangeEvents(GrailsProjectWatcher.java:107)
	at org.codehaus.groovy.grails.cli.agent.GrailsPluginManagerReloadPlugin.reloadEvent(GrailsPluginManagerReloadPlugin.java:42)
	at org.springsource.loaded.TypeRegistry.fireReloadEvent(TypeRegistry.java:1794)
	at org.springsource.loaded.ReloadableType.loadNewVersion(ReloadableType.java:417)
	at org.springsource.loaded.TypeRegistry.loadNewVersion(TypeRegistry.java:845)
	at org.springsource.loaded.agent.ReloadableFileChangeListener.fileChanged(ReloadableFileChangeListener.java:51)
	at org.springsource.loaded.agent.Watcher.determineChangesSince(FileSystemWatcher.java:235)
	at org.springsource.loaded.agent.Watcher.run(FileSystemWatcher.java:219)
	at java.lang.Thread.run(Thread.java:745)
2016-03-12 17:12:42,225 [FileSystemWatcher: files=#114 cl=groovy.lang.GroovyClassLoader@e54303] ERROR StackTrace  - Full Stack Trace:
groovy.lang.MissingMethodException: No signature of method: projecttracker2.Project.DueDate() is applicable for argument types: () values: []
Possible solutions: create(), getDueDate(), setDueDate(java.util.Date), delete(), delete(java.util.Map), validate()
	at projecttracker2.Project$__clinit__closure1$$EPfHOS1A.doCall(Project.groovy:13)
	at java.lang.Thread.run(Thread.java:745)
2016-03-12 17:12:42,232 [FileSystemWatcher: files=#114 cl=groovy.lang.GroovyClassLoader@e54303] ERROR StackTrace  - Full Stack Trace:
groovy.lang.MissingMethodException: No signature of method: projecttracker2.Project.DueDate() is applicable for argument types: () values: []
Possible solutions: create(), getDueDate(), setDueDate(java.util.Date), delete(), delete(java.util.Map), validate()
	at projecttracker2.Project$__clinit__closure1$$EPfHOS1A.doCall(Project.groovy:13)
	at java.lang.Thread.run(Thread.java:745)
2016-03-12 17:12:42,236 [FileSystemWatcher: files=#114 cl=groovy.lang.GroovyClassLoader@e54303] ERROR StackTrace  - Full Stack Trace:
groovy.lang.MissingMethodException: No signature of method: projecttracker2.Project.DueDate() is applicable for argument types: () values: []
Possible solutions: create(), getDueDate(), setDueDate(java.util.Date), delete(), delete(java.util.Map), validate()
	at projecttracker2.Project$__clinit__closure1$$EPfHOS1A.doCall(Project.groovy:13)
	at java.lang.Thread.run(Thread.java:745)
2016-03-12 17:12:52,267 [FileSystemWatcher: files=#114 cl=groovy.lang.GroovyClassLoader@e54303] ERROR StackTrace  - Full Stack Trace:
groovy.lang.MissingMethodException: No signature of method: projecttracker2.Project.DueDate() is applicable for argument types: () values: []
Possible solutions: create(), getDueDate(), setDueDate(java.util.Date), delete(), delete(java.util.Map), validate()
	at org.codehaus.groovy.runtime.ScriptBytecodeAdapter.unwrap(ScriptBytecodeAdapter.java:56)
	at org.codehaus.groovy.runtime.callsite.PogoMetaClassSite.callCurrent(PogoMetaClassSite.java:78)
	at org.codehaus.groovy.runtime.callsite.AbstractCallSite.callCurrent(AbstractCallSite.java:155)
	at projecttracker2.Project$__clinit__closure1$$EPfHOS1A.doCall(Project.groovy:13)
	at projecttracker2.Project$__clinit__closure1$$DPfHOS1A.doCall(Unknown Source)
	at projecttracker2.Project$__clinit__closure1.doCall(Project.groovy)
	at projecttracker2.Project$__clinit__closure1$$EPfHOS1A.doCall(Project.groovy)
	at sun.reflect.NativeMethodAccessorImpl.invoke0(Native Method)
	at sun.reflect.NativeMethodAccessorImpl.invoke(NativeMethodAccessorImpl.java:62)
	at sun.reflect.DelegatingMethodAccessorImpl.invoke(DelegatingMethodAccessorImpl.java:43)
	at java.lang.reflect.Method.invoke(Method.java:497)
	at org.springsource.loaded.ri.ReloadedTypeInvoker$2.invoke(ReloadedTypeInvoker.java:122)
	at org.springsource.loaded.ri.ReflectiveInterceptor.jlrMethodInvoke(ReflectiveInterceptor.java:1299)
	at org.codehaus.groovy.reflection.CachedMethod.invoke(CachedMethod.java:90)
	at groovy.lang.MetaMethod.doMethodInvoke(MetaMethod.java:324)
	at groovy.lang.MetaClassImpl.invokeMethod(MetaClassImpl.java:1207)
	at groovy.lang.ExpandoMetaClass.invokeMethod(ExpandoMetaClass.java:1121)
	at groovy.lang.MetaClassImpl.invokeMethod(MetaClassImpl.java:1016)
	at groovy.lang.Closure.call(Closure.java:423)
	at projecttracker2.Project$__clinit__closure1.call(Project.groovy)
	at groovy.lang.Closure.call(Closure.java:417)
	at projecttracker2.Project$__clinit__closure1.call(Project.groovy)
	at org.codehaus.groovy.grails.validation.DefaultConstraintEvaluator.evaluateConstraints(DefaultConstraintEvaluator.java:123)
	at org.codehaus.groovy.grails.validation.DefaultConstraintEvaluator.evaluateConstraints(DefaultConstraintEvaluator.java:90)
	at org.codehaus.groovy.grails.validation.DefaultConstraintEvaluator.evaluate(DefaultConstraintEvaluator.java:316)
	at org.codehaus.groovy.grails.commons.DefaultGrailsDomainClass.refreshConstraints(DefaultGrailsDomainClass.java:797)
	at org.codehaus.groovy.grails.commons.DefaultGrailsApplication.refreshConstraints(DefaultGrailsApplication.java:339)
	at org.codehaus.groovy.grails.commons.GrailsApplication$refreshConstraints$4.call(Unknown Source)
	at org.codehaus.groovy.grails.plugins.DomainClassGrailsPlugin$_closure3.doCall(DomainClassGrailsPlugin.groovy:156)
	at sun.reflect.NativeMethodAccessorImpl.invoke0(Native Method)
	at sun.reflect.NativeMethodAccessorImpl.invoke(NativeMethodAccessorImpl.java:62)
	at sun.reflect.DelegatingMethodAccessorImpl.invoke(DelegatingMethodAccessorImpl.java:43)
	at java.lang.reflect.Method.invoke(Method.java:497)
	at org.springsource.loaded.ri.ReflectiveInterceptor.jlrMethodInvoke(ReflectiveInterceptor.java:1276)
	at org.codehaus.groovy.reflection.CachedMethod.invoke(CachedMethod.java:90)
	at groovy.lang.MetaMethod.doMethodInvoke(MetaMethod.java:324)
	at groovy.lang.MetaClassImpl.invokeMethod(MetaClassImpl.java:1207)
	at groovy.lang.ExpandoMetaClass.invokeMethod(ExpandoMetaClass.java:1121)
	at groovy.lang.MetaClassImpl.invokeMethod(MetaClassImpl.java:1016)
	at groovy.lang.Closure.call(Closure.java:423)
	at org.codehaus.groovy.grails.plugins.DefaultGrailsPlugin.invokeOnChangeListener(DefaultGrailsPlugin.java:767)
	at org.codehaus.groovy.grails.plugins.DefaultGrailsPlugin.notifyOfEvent(DefaultGrailsPlugin.java:716)
	at org.codehaus.groovy.grails.plugins.DefaultGrailsPlugin.notifyOfEvent(DefaultGrailsPlugin.java:731)
	at org.codehaus.groovy.grails.plugins.AbstractGrailsPluginManager.informOfClassChange(AbstractGrailsPluginManager.java:408)
	at org.codehaus.groovy.grails.project.compiler.GrailsProjectWatcher$2.run(GrailsProjectWatcher.java:246)
	at org.codehaus.groovy.grails.project.compiler.GrailsProjectWatcher.firePendingClassChangeEvents(GrailsProjectWatcher.java:107)
	at org.codehaus.groovy.grails.cli.agent.GrailsPluginManagerReloadPlugin.reloadEvent(GrailsPluginManagerReloadPlugin.java:42)
	at org.springsource.loaded.TypeRegistry.fireReloadEvent(TypeRegistry.java:1794)
	at org.springsource.loaded.ReloadableType.loadNewVersion(ReloadableType.java:417)
	at org.springsource.loaded.TypeRegistry.loadNewVersion(TypeRegistry.java:845)
	at org.springsource.loaded.agent.ReloadableFileChangeListener.fileChanged(ReloadableFileChangeListener.java:51)
	at org.springsource.loaded.agent.Watcher.determineChangesSince(FileSystemWatcher.java:235)
	at org.springsource.loaded.agent.Watcher.run(FileSystemWatcher.java:219)
	at java.lang.Thread.run(Thread.java:745)
2016-03-12 17:12:52,273 [FileSystemWatcher: files=#114 cl=groovy.lang.GroovyClassLoader@e54303] ERROR StackTrace  - Full Stack Trace:
groovy.lang.MissingMethodException: No signature of method: projecttracker2.Project.DueDate() is applicable for argument types: () values: []
Possible solutions: create(), getDueDate(), setDueDate(java.util.Date), delete(), delete(java.util.Map), validate()
	at projecttracker2.Project$__clinit__closure1$$EPfHOS1A.doCall(Project.groovy:13)
	at java.lang.Thread.run(Thread.java:745)
2016-03-12 17:12:52,281 [FileSystemWatcher: files=#114 cl=groovy.lang.GroovyClassLoader@e54303] ERROR StackTrace  - Full Stack Trace:
groovy.lang.MissingMethodException: No signature of method: projecttracker2.Project.DueDate() is applicable for argument types: () values: []
Possible solutions: create(), getDueDate(), setDueDate(java.util.Date), delete(), delete(java.util.Map), validate()
	at projecttracker2.Project$__clinit__closure1$$EPfHOS1A.doCall(Project.groovy:13)
	at java.lang.Thread.run(Thread.java:745)
2016-03-12 17:12:52,284 [FileSystemWatcher: files=#114 cl=groovy.lang.GroovyClassLoader@e54303] ERROR StackTrace  - Full Stack Trace:
groovy.lang.MissingMethodException: No signature of method: projecttracker2.Project.DueDate() is applicable for argument types: () values: []
Possible solutions: create(), getDueDate(), setDueDate(java.util.Date), delete(), delete(java.util.Map), validate()
	at projecttracker2.Project$__clinit__closure1$$EPfHOS1A.doCall(Project.groovy:13)
	at java.lang.Thread.run(Thread.java:745)
